[18:18:32.391] [INFO] storybook v10.1.11
[18:18:32.637] [DEBUG] Getting package.json info for /Users/drcraig/Desktop/PersonalProjects/klard-apps/klard-mobile/package.json...
[18:18:32.984] [INFO] Starting...
[18:18:33.385] [DEBUG] Starting preview..
[18:18:33.404] [INFO] Addon-docs: using MDX3
[18:18:33.426] [INFO] Using implicit CSS loaders
[18:18:33.550] [INFO] Using default Webpack5 setup
[18:18:34.065] [DEBUG] Using tsconfig paths for react-docgen
[18:18:50.053] [WARN] DefinePlugin
Conflicting values for 'process.env'
[18:18:50.053] [ERROR] Failed to build the preview
[18:18:50.061] [WARN] Force closed preview build
[18:18:50.061] [ERROR] [38;2;241;97;97mSB_BUILDER-WEBPACK5_0003 (WebpackCompilationError): There were problems when compiling your code with Webpack.
Run Storybook with --debug-webpack for more information.[39m
    at starter (file:///Users/drcraig/Desktop/PersonalProjects/klard-apps/node_modules/.pnpm/@storybook+builder-webpack5@10.1.11_esbuild@0.27.1_storybook@10.1.11_@testing-library+d_fc65a5851350879f5b7de4d198ba3d67/node_modules/@storybook/builder-webpack5/dist/index.js:799:11)
    at starter.next (<anonymous>)
    at Module.start (file:///Users/drcraig/Desktop/PersonalProjects/klard-apps/node_modules/.pnpm/@storybook+builder-webpack5@10.1.11_esbuild@0.27.1_storybook@10.1.11_@testing-library+d_fc65a5851350879f5b7de4d198ba3d67/node_modules/@storybook/builder-webpack5/dist/index.js:857:34)
    at process.processTicksAndRejections (node:internal/process/task_queues:105:5)
    at async storybookDevServer (file:///Users/drcraig/Desktop/PersonalProjects/klard-apps/node_modules/.pnpm/storybook@10.1.11_@testing-library+dom@10.4.1_react-dom@19.2.3_react@19.2.3__react@19.2.3/node_modules/storybook/dist/core-server/index.js:6806:82)
    at async buildOrThrow (file:///Users/drcraig/Desktop/PersonalProjects/klard-apps/node_modules/.pnpm/storybook@10.1.11_@testing-library+dom@10.4.1_react-dom@19.2.3_react@19.2.3__react@19.2.3/node_modules/storybook/dist/core-server/index.js:5555:12)
    at async buildDevStandalone (file:///Users/drcraig/Desktop/PersonalProjects/klard-apps/node_modules/.pnpm/storybook@10.1.11_@testing-library+dom@10.4.1_react-dom@19.2.3_react@19.2.3__react@19.2.3/node_modules/storybook/dist/core-server/index.js:7208:66)
    at async withTelemetry (file:///Users/drcraig/Desktop/PersonalProjects/klard-apps/node_modules/.pnpm/storybook@10.1.11_@testing-library+dom@10.4.1_react-dom@19.2.3_react@19.2.3__react@19.2.3/node_modules/storybook/dist/_node-chunks/chunk-2372JZ52.js:209:12)
    at async dev (file:///Users/drcraig/Desktop/PersonalProjects/klard-apps/node_modules/.pnpm/storybook@10.1.11_@testing-library+dom@10.4.1_react-dom@19.2.3_react@19.2.3__react@19.2.3/node_modules/storybook/dist/bin/core.js:2734:3)
    at async _Command.<anonymous> (file:///Users/drcraig/Desktop/PersonalProjects/klard-apps/node_modules/.pnpm/storybook@10.1.11_@testing-library+dom@10.4.1_react-dom@19.2.3_react@19.2.3__react@19.2.3/node_modules/storybook/dist/bin/core.js:2801:92)
[18:18:50.064] [WARN] Broken build, fix the error above.
You may need to refresh the browser.